[ 2016-11-07T10:18:49+08:00 ] ::1 /bookstore/index.php/Home/User/reg
ERR: 1146:Table 'bookstore.bookstore_use' doesn't exist
 [ SQLè¯­å¥ ] : SHOW COLUMNS FROM `bookstore_use`

[ 2016-11-07T10:19:42+08:00 ] ::1 /bookstore/index.php/Home/User/reg
ERR: 1146:Table 'bookstore.bookstore_use' doesn't exist
 [ SQLè¯­å¥ ] : SHOW COLUMNS FROM `bookstore_use`

[ 2016-11-07T11:10:07+08:00 ] ::1 /bookstore/index.php/Home/Login/verify_Code.html?rnd=0.860341609769901
ERR: æ— æ³•åŠ è½½æ§åˆ¶å™¨:Login

[ 2016-11-07T11:10:08+08:00 ] ::1 /bookstore/index.php/Home/Login/verify_Code.html?rnd=0.7311097290510105
ERR: æ— æ³•åŠ è½½æ§åˆ¶å™¨:Login

[ 2016-11-07T11:10:12+08:00 ] ::1 /bookstore/index.php/Home/Login/verify_Code.html?rnd=0.2710938317561087
ERR: æ— æ³•åŠ è½½æ§åˆ¶å™¨:Login

[ 2016-11-07T12:16:31+08:00 ] ::1 /bookstore/index.php/Home/Index/login.html
ERR: éæ³•æ“ä½œ:login

[ 2016-11-07T12:17:16+08:00 ] ::1 /bookstore/index.php/Home/Index/login.html
ERR: éæ³•æ“ä½œ:login

[ 2016-11-07T16:19:03+08:00 ] ::1 /bookstore/index.php/Home/User/reg
ERR: SQLSTATE[HY000] [2002] ÓÉÓÚÄ¿±ê¼ÆËã»ú»ı¼«¾Ü¾ø£¬ÎŞ·¨Á¬½Ó¡£


[ 2016-11-07T16:19:44+08:00 ] ::1 /bookstore/index.php/Home/User/reg
ERR: SQLSTATE[HY000] [2002] ÓÉÓÚÄ¿±ê¼ÆËã»ú»ı¼«¾Ü¾ø£¬ÎŞ·¨Á¬½Ó¡£


