[ 2016-11-08T09:11:09+08:00 ] ::1 /bookstore/index.php/Home/User/LoginCheck
ERR: 1054:Unknown column 'user_name' in 'where clause'
 [ SQL语句 ] : SELECT * FROM `bookstore_user` WHERE ( user_name='刘胡兰' and user_password='123' ) 

[ 2016-11-08T09:14:43+08:00 ] ::1 /bookstore/index.php/Home/User/LoginCheck
ERR: 1054:Unknown column 'user_name' in 'where clause'
 [ SQL语句 ] : SELECT * FROM `bookstore_user` WHERE ( user_name='刘胡兰' and user_password='123' ) 

[ 2016-11-08T09:15:09+08:00 ] ::1 /bookstore/index.php/Home/User/LoginCheck
ERR: 1054:Unknown column 'user_name' in 'where clause'
 [ SQL语句 ] : SELECT * FROM `bookstore_user` WHERE ( user_name='刘胡兰' and user_password='123' ) 

[ 2016-11-08T09:22:30+08:00 ] ::1 /bookstore/index.php/Home/View/uuuu.html
ERR: 无法加载控制器:View

[ 2016-11-08T09:23:15+08:00 ] ::1 /bookstore/index.php/Home/uuuu/uuuu.html
ERR: 无法加载控制器:Uuuu

[ 2016-11-08T09:25:11+08:00 ] ::1 /bookstore/index.php/Home/User/LoginCheck
ERR: 1054:Unknown column 'user_name' in 'where clause'
 [ SQL语句 ] : SELECT * FROM `bookstore_user` WHERE ( user_name='刘胡兰' and user_password='123' ) 

[ 2016-11-08T09:25:42+08:00 ] ::1 /bookstore/index.php/Home/User/LoginCheck
ERR: 1054:Unknown column 'user_name' in 'where clause'
 [ SQL语句 ] : SELECT * FROM `bookstore_user` WHERE ( user_name='刘胡兰' and user_password='123' ) 

[ 2016-11-08T09:26:31+08:00 ] ::1 /bookstore/index.php/Home/User/LoginCheck
ERR: 1054:Unknown column 'user_name' in 'where clause'
 [ SQL语句 ] : SELECT * FROM `bookstore_user` WHERE ( user_name='刘胡兰' and user_password='123' ) 

[ 2016-11-08T09:26:39+08:00 ] ::1 /bookstore/index.php/Home/User/LoginCheck
ERR: 1054:Unknown column 'user_name' in 'where clause'
 [ SQL语句 ] : SELECT * FROM `bookstore_user` WHERE ( user_name='刘胡兰' and user_password='123' ) 

[ 2016-11-08T09:28:33+08:00 ] ::1 /bookstore/index.php/Home/User/LoginCheck
ERR: 1054:Unknown column 'user_name' in 'where clause'
 [ SQL语句 ] : SELECT * FROM `bookstore_user` WHERE ( user_name='刘胡兰' and user_password='123' ) 

[ 2016-11-08T09:28:56+08:00 ] ::1 /bookstore/index.php/Home/User/LoginCheck
ERR: 1054:Unknown column 'user_name' in 'where clause'
 [ SQL语句 ] : SELECT * FROM `bookstore_user` WHERE ( user_name='刘胡兰' and user_password='123' ) 

[ 2016-11-08T09:29:21+08:00 ] ::1 /bookstore/index.php/Home/User/LoginCheck
ERR: 1054:Unknown column 'user_name' in 'where clause'
 [ SQL语句 ] : SELECT * FROM `bookstore_user` WHERE ( user_name='王庆雪' and user_password='' ) 

[ 2016-11-08T09:30:44+08:00 ] ::1 /bookstore/index.php/Home/User/LoginCheck
ERR: 1054:Unknown column 'user_name' in 'where clause'
 [ SQL语句 ] : SELECT * FROM `bookstore_user` WHERE ( user_name='' and user_password='' ) 

[ 2016-11-08T09:30:55+08:00 ] ::1 /bookstore/index.php/Home/User/LoginCheck
ERR: 1054:Unknown column 'user_name' in 'where clause'
 [ SQL语句 ] : SELECT * FROM `bookstore_user` WHERE ( user_name='werqwer' and user_password='' ) 

[ 2016-11-08T09:31:55+08:00 ] ::1 /bookstore/index.php/Home/User/LoginCheck
ERR: 1054:Unknown column 'user_password' in 'where clause'
 [ SQL语句 ] : SELECT * FROM `bookstore_user` WHERE ( user='terwt' and user_password='' ) 

[ 2016-11-08T10:45:08+08:00 ] ::1 /bookstore/index.php/Home/Details/details.html
ERR: 无法加载控制器:Details

[ 2016-11-08T10:45:14+08:00 ] ::1 /bookstore/index.php/Home/Details/detail.html
ERR: 无法加载控制器:Details

[ 2016-11-08T10:45:40+08:00 ] ::1 /bookstore/index.php/Home/Details/details.html
ERR: 无法加载控制器:Details

[ 2016-11-08T10:47:21+08:00 ] ::1 /bookstore/index.php/Home/Details/details.html
ERR: 无法加载控制器:Details

[ 2016-11-08T10:48:20+08:00 ] ::1 /bookstore/index.php/Home/Details/details.html
ERR: 无法加载控制器:Details

[ 2016-11-08T10:49:15+08:00 ] ::1 /bookstore/index.php/Home/Details/details.html
ERR: 无法加载控制器:Details

[ 2016-11-08T10:50:23+08:00 ] ::1 /bookstore/index.php/Home/Details/details.html
ERR: 无法加载控制器:Details

[ 2016-11-08T10:50:52+08:00 ] ::1 /bookstore/index.php/Home/Details/details.html
ERR: 无法加载控制器:Details

[ 2016-11-08T13:03:46+08:00 ] ::1 /bookstore/index.php/Home/Details/detail.html
ERR: 非法操作:detail

[ 2016-11-08T19:17:28+08:00 ] ::1 /bookstore/Home/details.html
ERR: 非法操作:index

[ 2016-11-08T19:17:41+08:00 ] ::1 /bookstore/index.php/Home/details.html
ERR: 非法操作:index

[ 2016-11-08T19:17:48+08:00 ] ::1 /bookstore/Home/details.html
ERR: 非法操作:index

[ 2016-11-08T19:18:05+08:00 ] ::1 /bookstore/Home/details.html
ERR: 非法操作:index

