[ 2016-11-10T09:24:47+08:00 ] ::1 /bookstore/css/common.css
ERR: 无法加载模块:Css

[ 2016-11-10T09:24:47+08:00 ] ::1 /bookstore/css/main.css
ERR: 无法加载模块:Css

[ 2016-11-10T09:24:47+08:00 ] ::1 /bookstore/js/libs/modernizr.min.js
ERR: 无法加载模块:Js

[ 2016-11-10T09:28:13+08:00 ] ::1 /bookstore/Public/Home/images/tab-thbg.png
ERR: 无法加载模块:Public

[ 2016-11-10T09:28:13+08:00 ] ::1 /bookstore/Public/Home/fonts/icomoon.woff
ERR: 无法加载模块:Public

[ 2016-11-10T09:28:13+08:00 ] ::1 /bookstore/Public/Home/fonts/icomoon.ttf
ERR: 无法加载模块:Public

[ 2016-11-10T09:28:18+08:00 ] ::1 /bookstore/article.php
ERR: 无法加载模块:Article

[ 2016-11-10T09:28:26+08:00 ] ::1 /bookstore/administer.php
ERR: 无法加载模块:Administer

[ 2016-11-10T09:28:28+08:00 ] ::1 /bookstore/article.php
ERR: 无法加载模块:Article

[ 2016-11-10T09:28:31+08:00 ] ::1 /bookstore/discuss.php
ERR: 无法加载模块:Discuss

[ 2016-11-10T09:29:07+08:00 ] ::1 /bookstore/article.php?page=1
ERR: 无法加载模块:Article

