[ 2016-11-08T08:58:58+08:00 ] ::1 /bookstore/image/lunbo3.jpg
ERR: 无法加载模块:Image

[ 2016-11-08T08:58:58+08:00 ] ::1 /bookstore/image/lunbo5.jpg
ERR: 无法加载模块:Image

[ 2016-11-08T08:58:58+08:00 ] ::1 /bookstore/image/lunbo4.jpg
ERR: 无法加载模块:Image

[ 2016-11-08T08:58:58+08:00 ] ::1 /bookstore/image/lunbo6.jpg
ERR: 无法加载模块:Image

[ 2016-11-08T08:58:58+08:00 ] ::1 /bookstore/image/lunbo2.jpg
ERR: 无法加载模块:Image

[ 2016-11-08T08:58:58+08:00 ] ::1 /bookstore/image/lunbo1.jpg
ERR: 无法加载模块:Image

[ 2016-11-08T09:00:44+08:00 ] ::1 /bookstore/image/lunbo1.jpg
ERR: 无法加载模块:Image

[ 2016-11-08T09:00:44+08:00 ] ::1 /bookstore/image/lunbo3.jpg
ERR: 无法加载模块:Image

[ 2016-11-08T09:00:44+08:00 ] ::1 /bookstore/image/lunbo5.jpg
ERR: 无法加载模块:Image

[ 2016-11-08T09:00:44+08:00 ] ::1 /bookstore/image/lunbo2.jpg
ERR: 无法加载模块:Image

[ 2016-11-08T09:00:44+08:00 ] ::1 /bookstore/image/lunbo4.jpg
ERR: 无法加载模块:Image

[ 2016-11-08T09:00:44+08:00 ] ::1 /bookstore/image/lunbo6.jpg
ERR: 无法加载模块:Image

[ 2016-11-08T09:02:35+08:00 ] ::1 /bookstore/image/lunbo1.jpg
ERR: 无法加载模块:Image

[ 2016-11-08T09:02:35+08:00 ] ::1 /bookstore/image/lunbo5.jpg
ERR: 无法加载模块:Image

[ 2016-11-08T09:02:35+08:00 ] ::1 /bookstore/image/lunbo3.jpg
ERR: 无法加载模块:Image

[ 2016-11-08T09:02:35+08:00 ] ::1 /bookstore/image/lunbo2.jpg
ERR: 无法加载模块:Image

[ 2016-11-08T09:02:35+08:00 ] ::1 /bookstore/image/lunbo6.jpg
ERR: 无法加载模块:Image

[ 2016-11-08T09:03:53+08:00 ] ::1 /bookstore/__image__/lunbo2.jpg
ERR: 无法加载模块:__image__

[ 2016-11-08T09:03:53+08:00 ] ::1 /bookstore/__image__/lunbo1.jpg
ERR: 无法加载模块:__image__

[ 2016-11-08T09:03:53+08:00 ] ::1 /bookstore/__image__/lunbo4.jpg
ERR: 无法加载模块:__image__

[ 2016-11-08T09:03:54+08:00 ] ::1 /bookstore/__image__/lunbo3.jpg
ERR: 无法加载模块:__image__

[ 2016-11-08T09:03:54+08:00 ] ::1 /bookstore/__image__/lunbo5.jpg
ERR: 无法加载模块:__image__

[ 2016-11-08T09:03:54+08:00 ] ::1 /bookstore/__image__/lunbo6.jpg
ERR: 无法加载模块:__image__

[ 2016-11-08T09:03:55+08:00 ] ::1 /bookstore/__image__/lunbo2.jpg
ERR: 无法加载模块:__image__

[ 2016-11-08T09:03:55+08:00 ] ::1 /bookstore/__image__/lunbo3.jpg
ERR: 无法加载模块:__image__

[ 2016-11-08T09:03:55+08:00 ] ::1 /bookstore/__image__/lunbo6.jpg
ERR: 无法加载模块:__image__

[ 2016-11-08T09:03:55+08:00 ] ::1 /bookstore/__image__/lunbo4.jpg
ERR: 无法加载模块:__image__

[ 2016-11-08T09:03:55+08:00 ] ::1 /bookstore/__image__/lunbo1.jpg
ERR: 无法加载模块:__image__

[ 2016-11-08T09:03:55+08:00 ] ::1 /bookstore/__image__/lunbo5.jpg
ERR: 无法加载模块:__image__

[ 2016-11-08T13:13:05+08:00 ] ::1 /bookstore/Public/Home/images/history.jpg
ERR: 无法加载模块:Public

[ 2016-11-08T19:17:05+08:00 ] ::1 /bookstore/Application/Home/View/Details/__IMG__/258.jpg
ERR: 无法加载模块:Application

[ 2016-11-08T19:17:05+08:00 ] ::1 /bookstore/Application/Home/View/Details/__IMAGE__/history.jpg
ERR: 无法加载模块:Application

[ 2016-11-08T19:17:23+08:00 ] ::1 /bookstore/Application/Home/details.html
ERR: 无法加载模块:Application

[ 2016-11-08T19:22:23+08:00 ] ::1 /bookstore/Public/Home/image/1.jpg
ERR: 无法加载模块:Public

[ 2016-11-08T19:22:23+08:00 ] ::1 /bookstore/Public/Home/image/4.jpg
ERR: 无法加载模块:Public

[ 2016-11-08T19:22:23+08:00 ] ::1 /bookstore/Public/Home/image/2.jpg
ERR: 无法加载模块:Public

[ 2016-11-08T19:22:23+08:00 ] ::1 /bookstore/Public/Home/image/3.jpg
ERR: 无法加载模块:Public

[ 2016-11-08T19:23:24+08:00 ] ::1 /bookstore/Public/Home/image/img4.jpg
ERR: 无法加载模块:Public

[ 2016-11-08T19:23:24+08:00 ] ::1 /bookstore/Public/Home/image/img2.jpg
ERR: 无法加载模块:Public

[ 2016-11-08T19:23:24+08:00 ] ::1 /bookstore/Public/Home/image/img3.jpg
ERR: 无法加载模块:Public

[ 2016-11-08T19:23:24+08:00 ] ::1 /bookstore/Public/Home/image/img1.jpg
ERR: 无法加载模块:Public

