[ 2016-11-14T11:56:53+08:00 ] ::1 /bookstore/www.baidu.com
ERR: 无法加载模块:Www.baidu

[ 2016-11-14T11:56:55+08:00 ] ::1 /bookstore/www.baidu.com
ERR: 无法加载模块:Www.baidu

[ 2016-11-14T11:56:58+08:00 ] ::1 /bookstore/www.baidu.com
ERR: 无法加载模块:Www.baidu

[ 2016-11-14T11:56:59+08:00 ] ::1 /bookstore/www.baidu.com
ERR: 无法加载模块:Www.baidu

[ 2016-11-14T11:57:00+08:00 ] ::1 /bookstore/www.baidu.com
ERR: 无法加载模块:Www.baidu

[ 2016-11-14T11:57:01+08:00 ] ::1 /bookstore/www.baidu.com
ERR: 无法加载模块:Www.baidu

[ 2016-11-14T11:57:10+08:00 ] ::1 /bookstore/www.baidu.com
ERR: 无法加载模块:Www.baidu

[ 2016-11-14T11:57:57+08:00 ] ::1 /bookstore/www.baidu.com
ERR: 无法加载模块:Www.baidu

[ 2016-11-14T11:57:58+08:00 ] ::1 /bookstore/Index/child
ERR: 无法加载模块:Index

[ 2016-11-14T11:58:00+08:00 ] ::1 /bookstore/Index/Index/child
ERR: 无法加载模块:Index

[ 2016-11-14T11:58:03+08:00 ] ::1 /bookstore/Index/Index/Index/child
ERR: 无法加载模块:Index

[ 2016-11-14T11:58:22+08:00 ] ::1 /bookstore/Index/Index/Index/Index/child
ERR: 无法加载模块:Index

[ 2016-11-14T11:58:23+08:00 ] ::1 /bookstore/Index/Index/Index/Index/Application/Home/Index/child
ERR: 无法加载模块:Index

[ 2016-11-14T11:58:23+08:00 ] ::1 /bookstore/Index/Index/Index/Index/Application/Home/Index/Application/Home/Index/child
ERR: 无法加载模块:Index

[ 2016-11-14T11:58:24+08:00 ] ::1 /bookstore/Index/Index/Index/Index/Application/Home/Index/Application/Home/Index/Application/Home/Index/child
ERR: 无法加载模块:Index

[ 2016-11-14T11:58:25+08:00 ] ::1 /bookstore/Index/Index/Index/Index/Application/Home/Index/Application/Home/Index/Application/Home/Index/Application/Home/Index/child
ERR: 无法加载模块:Index

[ 2016-11-14T11:58:25+08:00 ] ::1 /bookstore/Index/Index/Index/Index/Application/Home/Index/Application/Home/Index/Application/Home/Index/Application/Home/Index/Application/Home/Index/child
ERR: 无法加载模块:Index

[ 2016-11-14T11:58:26+08:00 ] ::1 /bookstore/Index/Index/Index/Index/Application/Home/Index/Application/Home/Index/Application/Home/Index/Application/Home/Index/Application/Home/Index/Application/Home/Index/child
ERR: 无法加载模块:Index

[ 2016-11-14T11:58:26+08:00 ] ::1 /bookstore/Index/Index/Index/Index/Application/Home/Index/Application/Home/Index/Application/Home/Index/Application/Home/Index/Application/Home/Index/Application/Home/Index/Application/Home/Index/child
ERR: 无法加载模块:Index

[ 2016-11-14T11:58:27+08:00 ] ::1 /bookstore/Index/Index/Index/Index/Application/Home/Index/Application/Home/Index/Application/Home/Index/Application/Home/Index/Application/Home/Index/Application/Home/Index/Application/Home/Index/Application/Home/Index/child
ERR: 无法加载模块:Index

[ 2016-11-14T11:58:27+08:00 ] ::1 /bookstore/Index/Index/Index/Index/Application/Home/Index/Application/Home/Index/Application/Home/Index/Application/Home/Index/Application/Home/Index/Application/Home/Index/Application/Home/Index/Application/Home/Index/Application/Home/Index/child
ERR: 无法加载模块:Index

[ 2016-11-14T11:58:28+08:00 ] ::1 /bookstore/Index/Index/Index/Index/Application/Home/Index/Application/Home/Index/Application/Home/Index/Application/Home/Index/Application/Home/Index/Application/Home/Index/Application/Home/Index/Application/Home/Index/Application/Home/Index/Application/Home/Index/child
ERR: 无法加载模块:Index

[ 2016-11-14T11:58:28+08:00 ] ::1 /bookstore/Index/Index/Index/Index/Application/Home/Index/Application/Home/Index/Application/Home/Index/Application/Home/Index/Application/Home/Index/Application/Home/Index/Application/Home/Index/Application/Home/Index/Application/Home/Index/Application/Home/Index/Application/Home/Index/child
ERR: 无法加载模块:Index

[ 2016-11-14T11:58:29+08:00 ] ::1 /bookstore/Index/Index/Index/Index/Application/Home/Index/Application/Home/Index/Application/Home/Index/Application/Home/Index/Application/Home/Index/Application/Home/Index/Application/Home/Index/Application/Home/Index/Application/Home/Index/Application/Home/Index/Application/Home/Index/Application/Home/Index/child
ERR: 无法加载模块:Index

[ 2016-11-14T11:58:30+08:00 ] ::1 /bookstore/Index/Index/Index/Index/Application/Home/Index/Application/Home/Index/Application/Home/Index/Application/Home/Index/Application/Home/Index/Application/Home/Index/Application/Home/Index/Application/Home/Index/Application/Home/Index/Application/Home/Index/Application/Home/Index/Application/Home/Index/Application/Home/Index/child
ERR: 无法加载模块:Index

[ 2016-11-14T11:58:30+08:00 ] ::1 /bookstore/Index/Index/Index/Index/Application/Home/Index/Application/Home/Index/Application/Home/Index/Application/Home/Index/Application/Home/Index/Application/Home/Index/Application/Home/Index/Application/Home/Index/Application/Home/Index/Application/Home/Index/Application/Home/Index/Application/Home/Index/Application/Home/Index/Application/Home/Index/child
ERR: 无法加载模块:Index

[ 2016-11-14T11:58:31+08:00 ] ::1 /bookstore/Index/Index/Index/Index/Application/Home/Index/Application/Home/Index/Application/Home/Index/Application/Home/Index/Application/Home/Index/Application/Home/Index/Application/Home/Index/Application/Home/Index/Application/Home/Index/Application/Home/Index/Application/Home/Index/Application/Home/Index/Application/Home/Index/Application/Home/Index/Application/Home/Index/child
ERR: 无法加载模块:Index

[ 2016-11-14T11:58:31+08:00 ] ::1 /bookstore/Index/Index/Index/Index/Application/Home/Index/Application/Home/Index/Application/Home/Index/Application/Home/Index/Application/Home/Index/Application/Home/Index/Application/Home/Index/Application/Home/Index/Application/Home/Index/Application/Home/Index/Application/Home/Index/Application/Home/Index/Application/Home/Index/Application/Home/Index/Application/Home/Index/Application/Home/Index/child
ERR: 无法加载模块:Index

[ 2016-11-14T11:58:32+08:00 ] ::1 /bookstore/Index/Index/Index/Index/Application/Home/Index/Application/Home/Index/Application/Home/Index/Application/Home/Index/Application/Home/Index/Application/Home/Index/Application/Home/Index/Application/Home/Index/Application/Home/Index/Application/Home/Index/Application/Home/Index/Application/Home/Index/Application/Home/Index/Application/Home/Index/Application/Home/Index/Application/Home/Index/Application/Home/Index/child
ERR: 无法加载模块:Index

[ 2016-11-14T11:58:32+08:00 ] ::1 /bookstore/Index/Index/Index/Index/Application/Home/Index/Application/Home/Index/Application/Home/Index/Application/Home/Index/Application/Home/Index/Application/Home/Index/Application/Home/Index/Application/Home/Index/Application/Home/Index/Application/Home/Index/Application/Home/Index/Application/Home/Index/Application/Home/Index/Application/Home/Index/Application/Home/Index/Application/Home/Index/Application/Home/Index/Application/Home/Index/child
ERR: 无法加载模块:Index

[ 2016-11-14T11:58:33+08:00 ] ::1 /bookstore/Index/Index/Index/Index/Application/Home/Index/Application/Home/Index/Application/Home/Index/Application/Home/Index/Application/Home/Index/Application/Home/Index/Application/Home/Index/Application/Home/Index/Application/Home/Index/Application/Home/Index/Application/Home/Index/Application/Home/Index/Application/Home/Index/Application/Home/Index/Application/Home/Index/Application/Home/Index/Application/Home/Index/Application/Home/Index/Application/Home/Index/child
ERR: 无法加载模块:Index

[ 2016-11-14T11:58:33+08:00 ] ::1 /bookstore/Index/Index/Index/Index/Application/Home/Index/Application/Home/Index/Application/Home/Index/Application/Home/Index/Application/Home/Index/Application/Home/Index/Application/Home/Index/Application/Home/Index/Application/Home/Index/Application/Home/Index/Application/Home/Index/Application/Home/Index/Application/Home/Index/Application/Home/Index/Application/Home/Index/Application/Home/Index/Application/Home/Index/Application/Home/Index/Application/Home/Index/Application/Home/Index/child
ERR: 无法加载模块:Index

[ 2016-11-14T11:58:34+08:00 ] ::1 /bookstore/Index/Index/Index/Index/Application/Home/Index/Application/Home/Index/Application/Home/Index/Application/Home/Index/Application/Home/Index/Application/Home/Index/Application/Home/Index/Application/Home/Index/Application/Home/Index/Application/Home/Index/Application/Home/Index/Application/Home/Index/Application/Home/Index/Application/Home/Index/Application/Home/Index/Application/Home/Index/Application/Home/Index/Application/Home/Index/Application/Home/Index/Application/Home/Index/Application/Home/Index/child
ERR: 无法加载模块:Index

[ 2016-11-14T11:58:34+08:00 ] ::1 /bookstore/Index/Index/Index/Index/Application/Home/Index/Application/Home/Index/Application/Home/Index/Application/Home/Index/Application/Home/Index/Application/Home/Index/Application/Home/Index/Application/Home/Index/Application/Home/Index/Application/Home/Index/Application/Home/Index/Application/Home/Index/Application/Home/Index/Application/Home/Index/Application/Home/Index/Application/Home/Index/Application/Home/Index/Application/Home/Index/Application/Home/Index/Application/Home/Index/Application/Home/Index/Application/Home/Index/child
ERR: 无法加载模块:Index

[ 2016-11-14T11:58:34+08:00 ] ::1 /bookstore/Index/Index/Index/Index/Application/Home/Index/Application/Home/Index/Application/Home/Index/Application/Home/Index/Application/Home/Index/Application/Home/Index/Application/Home/Index/Application/Home/Index/Application/Home/Index/Application/Home/Index/Application/Home/Index/Application/Home/Index/Application/Home/Index/Application/Home/Index/Application/Home/Index/Application/Home/Index/Application/Home/Index/Application/Home/Index/Application/Home/Index/Application/Home/Index/Application/Home/Index/Application/Home/Index/Application/Home/Index/child
ERR: 无法加载模块:Index

[ 2016-11-14T11:58:35+08:00 ] ::1 /bookstore/Index/Index/Index/Index/Application/Home/Index/Application/Home/Index/Application/Home/Index/Application/Home/Index/Application/Home/Index/Application/Home/Index/Application/Home/Index/Application/Home/Index/Application/Home/Index/Application/Home/Index/Application/Home/Index/Application/Home/Index/Application/Home/Index/Application/Home/Index/Application/Home/Index/Application/Home/Index/Application/Home/Index/Application/Home/Index/Application/Home/Index/Application/Home/Index/Application/Home/Index/Application/Home/Index/Application/Home/Index/Application/Home/Index/child
ERR: 无法加载模块:Index

[ 2016-11-14T11:58:35+08:00 ] ::1 /bookstore/Index/Index/Index/Index/Application/Home/Index/Application/Home/Index/Application/Home/Index/Application/Home/Index/Application/Home/Index/Application/Home/Index/Application/Home/Index/Application/Home/Index/Application/Home/Index/Application/Home/Index/Application/Home/Index/Application/Home/Index/Application/Home/Index/Application/Home/Index/Application/Home/Index/Application/Home/Index/Application/Home/Index/Application/Home/Index/Application/Home/Index/Application/Home/Index/Application/Home/Index/Application/Home/Index/Application/Home/Index/Application/Home/Index/Application/Home/Index/child
ERR: 无法加载模块:Index

[ 2016-11-14T11:58:36+08:00 ] ::1 /bookstore/Index/Index/Index/Index/Application/Home/Index/Application/Home/Index/Application/Home/Index/Application/Home/Index/Application/Home/Index/Application/Home/Index/Application/Home/Index/Application/Home/Index/Application/Home/Index/Application/Home/Index/Application/Home/Index/Application/Home/Index/Application/Home/Index/Application/Home/Index/Application/Home/Index/Application/Home/Index/Application/Home/Index/Application/Home/Index/Application/Home/Index/Application/Home/Index/Application/Home/Index/Application/Home/Index/Application/Home/Index/Application/Home/Index/Application/Home/Index/Application/Home/Index/child
ERR: 无法加载模块:Index

[ 2016-11-14T11:58:37+08:00 ] ::1 /bookstore/Index/Index/Index/Index/Application/Home/Index/Application/Home/Index/Application/Home/Index/Application/Home/Index/Application/Home/Index/Application/Home/Index/Application/Home/Index/Application/Home/Index/Application/Home/Index/Application/Home/Index/Application/Home/Index/Application/Home/Index/Application/Home/Index/Application/Home/Index/Application/Home/Index/Application/Home/Index/Application/Home/Index/Application/Home/Index/Application/Home/Index/Application/Home/Index/Application/Home/Index/Application/Home/Index/Application/Home/Index/Application/Home/Index/Application/Home/Index/Application/Home/Index/Application/Home/Index/child
ERR: 无法加载模块:Index

[ 2016-11-14T11:58:37+08:00 ] ::1 /bookstore/Index/Index/Index/Index/Application/Home/Index/Application/Home/Index/Application/Home/Index/Application/Home/Index/Application/Home/Index/Application/Home/Index/Application/Home/Index/Application/Home/Index/Application/Home/Index/Application/Home/Index/Application/Home/Index/Application/Home/Index/Application/Home/Index/Application/Home/Index/Application/Home/Index/Application/Home/Index/Application/Home/Index/Application/Home/Index/Application/Home/Index/Application/Home/Index/Application/Home/Index/Application/Home/Index/Application/Home/Index/Application/Home/Index/Application/Home/Index/Application/Home/Index/Application/Home/Index/Application/Home/Index/child
ERR: 无法加载模块:Index

[ 2016-11-14T11:58:38+08:00 ] ::1 /bookstore/Index/Index/Index/Index/Application/Home/Index/Application/Home/Index/Application/Home/Index/Application/Home/Index/Application/Home/Index/Application/Home/Index/Application/Home/Index/Application/Home/Index/Application/Home/Index/Application/Home/Index/Application/Home/Index/Application/Home/Index/Application/Home/Index/Application/Home/Index/Application/Home/Index/Application/Home/Index/Application/Home/Index/Application/Home/Index/Application/Home/Index/Application/Home/Index/Application/Home/Index/Application/Home/Index/Application/Home/Index/Application/Home/Index/Application/Home/Index/Application/Home/Index/Application/Home/Index/Application/Home/Index/Application/Home/Index/child
ERR: 无法加载模块:Index

[ 2016-11-14T11:58:38+08:00 ] ::1 /bookstore/Index/Index/Index/Index/Application/Home/Index/Application/Home/Index/Application/Home/Index/Application/Home/Index/Application/Home/Index/Application/Home/Index/Application/Home/Index/Application/Home/Index/Application/Home/Index/Application/Home/Index/Application/Home/Index/Application/Home/Index/Application/Home/Index/Application/Home/Index/Application/Home/Index/Application/Home/Index/Application/Home/Index/Application/Home/Index/Application/Home/Index/Application/Home/Index/Application/Home/Index/Application/Home/Index/Application/Home/Index/Application/Home/Index/Application/Home/Index/Application/Home/Index/Application/Home/Index/Application/Home/Index/Application/Home/Index/Application/Home/Index/child
ERR: 无法加载模块:Index

[ 2016-11-14T11:58:39+08:00 ] ::1 /bookstore/Index/Index/Index/Index/Application/Home/Index/Application/Home/Index/Application/Home/Index/Application/Home/Index/Application/Home/Index/Application/Home/Index/Application/Home/Index/Application/Home/Index/Application/Home/Index/Application/Home/Index/Application/Home/Index/Application/Home/Index/Application/Home/Index/Application/Home/Index/Application/Home/Index/Application/Home/Index/Application/Home/Index/Application/Home/Index/Application/Home/Index/Application/Home/Index/Application/Home/Index/Application/Home/Index/Application/Home/Index/Application/Home/Index/Application/Home/Index/Application/Home/Index/Application/Home/Index/Application/Home/Index/Application/Home/Index/Application/Home/Index/Application/Home/Index/child
ERR: 无法加载模块:Index

[ 2016-11-14T11:58:39+08:00 ] ::1 /bookstore/Index/Index/Index/Index/Application/Home/Index/Application/Home/Index/Application/Home/Index/Application/Home/Index/Application/Home/Index/Application/Home/Index/Application/Home/Index/Application/Home/Index/Application/Home/Index/Application/Home/Index/Application/Home/Index/Application/Home/Index/Application/Home/Index/Application/Home/Index/Application/Home/Index/Application/Home/Index/Application/Home/Index/Application/Home/Index/Application/Home/Index/Application/Home/Index/Application/Home/Index/Application/Home/Index/Application/Home/Index/Application/Home/Index/Application/Home/Index/Application/Home/Index/Application/Home/Index/Application/Home/Index/Application/Home/Index/Application/Home/Index/Application/Home/Index/Application/Home/Index/child
ERR: 无法加载模块:Index

[ 2016-11-14T11:58:40+08:00 ] ::1 /bookstore/Index/Index/Index/Index/Application/Home/Index/Application/Home/Index/Application/Home/Index/Application/Home/Index/Application/Home/Index/Application/Home/Index/Application/Home/Index/Application/Home/Index/Application/Home/Index/Application/Home/Index/Application/Home/Index/Application/Home/Index/Application/Home/Index/Application/Home/Index/Application/Home/Index/Application/Home/Index/Application/Home/Index/Application/Home/Index/Application/Home/Index/Application/Home/Index/Application/Home/Index/Application/Home/Index/Application/Home/Index/Application/Home/Index/Application/Home/Index/Application/Home/Index/Application/Home/Index/Application/Home/Index/Application/Home/Index/Application/Home/Index/Application/Home/Index/Application/Home/Index/Application/Home/Index/child
ERR: 无法加载模块:Index

[ 2016-11-14T11:58:40+08:00 ] ::1 /bookstore/Index/Index/Index/Index/Application/Home/Index/Application/Home/Index/Application/Home/Index/Application/Home/Index/Application/Home/Index/Application/Home/Index/Application/Home/Index/Application/Home/Index/Application/Home/Index/Application/Home/Index/Application/Home/Index/Application/Home/Index/Application/Home/Index/Application/Home/Index/Application/Home/Index/Application/Home/Index/Application/Home/Index/Application/Home/Index/Application/Home/Index/Application/Home/Index/Application/Home/Index/Application/Home/Index/Application/Home/Index/Application/Home/Index/Application/Home/Index/Application/Home/Index/Application/Home/Index/Application/Home/Index/Application/Home/Index/Application/Home/Index/Application/Home/Index/Application/Home/Index/Application/Home/Index/Application/Home/Index/child
ERR: 无法加载模块:Index

[ 2016-11-14T11:58:41+08:00 ] ::1 /bookstore/Index/Index/Index/Index/Application/Home/Index/Application/Home/Index/Application/Home/Index/Application/Home/Index/Application/Home/Index/Application/Home/Index/Application/Home/Index/Application/Home/Index/Application/Home/Index/Application/Home/Index/Application/Home/Index/Application/Home/Index/Application/Home/Index/Application/Home/Index/Application/Home/Index/Application/Home/Index/Application/Home/Index/Application/Home/Index/Application/Home/Index/Application/Home/Index/Application/Home/Index/Application/Home/Index/Application/Home/Index/Application/Home/Index/Application/Home/Index/Application/Home/Index/Application/Home/Index/Application/Home/Index/Application/Home/Index/Application/Home/Index/Application/Home/Index/Application/Home/Index/Application/Home/Index/Application/Home/Index/child
ERR: 无法加载模块:Index

[ 2016-11-14T11:58:44+08:00 ] ::1 /bookstore/Index/Index/Index/Index/Application/Home/Index/Application/Home/Index/Application/Home/Index/Application/Home/Index/Application/Home/Index/Application/Home/Index/Application/Home/Index/Application/Home/Index/Application/Home/Index/Application/Home/Index/Application/Home/Index/Application/Home/Index/Application/Home/Index/Application/Home/Index/Application/Home/Index/Application/Home/Index/Application/Home/Index/Application/Home/Index/Application/Home/Index/Application/Home/Index/Application/Home/Index/Application/Home/Index/Application/Home/Index/Application/Home/Index/Application/Home/Index/Application/Home/Index/Application/Home/Index/Application/Home/Index/Application/Home/Index/Application/Home/Index/Application/Home/Index/Application/Home/Index/Application/Home/Index/Application/Home/Index/child
ERR: 无法加载模块:Index

[ 2016-11-14T11:58:44+08:00 ] ::1 /bookstore/Index/Index/Index/Index/Application/Home/Index/Application/Home/Index/Application/Home/Index/Application/Home/Index/Application/Home/Index/Application/Home/Index/Application/Home/Index/Application/Home/Index/Application/Home/Index/Application/Home/Index/Application/Home/Index/Application/Home/Index/Application/Home/Index/Application/Home/Index/Application/Home/Index/Application/Home/Index/Application/Home/Index/Application/Home/Index/Application/Home/Index/Application/Home/Index/Application/Home/Index/Application/Home/Index/Application/Home/Index/Application/Home/Index/Application/Home/Index/Application/Home/Index/Application/Home/Index/Application/Home/Index/Application/Home/Index/Application/Home/Index/Application/Home/Index/Application/Home/Index/Application/Home/Index/Application/Home/Index/child
ERR: 无法加载模块:Index

